<?xml version="1.0" encoding="UTF-8"?>
<!-- Generated by org.testng.reporters.JUnitXMLReporter -->
<testsuite ignored="0" hostname="DESKTOP-09P6R8R" failures="0" tests="4" name="Default test" time="0.2" errors="0" timestamp="2023-11-17T14:11:23 IST">
  <testcase classname="TestingJenkins.TestClass2" name="chi" time="0.03"/>
  <testcase classname="TestingJenkins.TestClass2" name="no" time="0.006"/>
  <testcase classname="TestingJenkins.TestClass2" name="sa" time="0.014"/>
  <testcase classname="TestingJenkins.TestClass2" name="tu" time="0.008"/>
</testsuite> <!-- Default test -->
