<?xml version="1.0" encoding="UTF-8"?>
<!-- Generated by org.testng.reporters.JUnitXMLReporter -->
<testsuite ignored="0" hostname="DESKTOP-09P6R8R" failures="0" tests="8" name="Test" time="0.201" errors="0" timestamp="2023-11-17T14:14:18 IST">
  <testcase classname="TestingJenkins.TestClass1" name="ge" time="0.026"/>
  <testcase classname="TestingJenkins.TestClass1" name="jp" time="0.004"/>
  <testcase classname="TestingJenkins.TestClass1" name="po" time="0.004"/>
  <testcase classname="TestingJenkins.TestClass1" name="sl" time="0.003"/>
  <testcase classname="TestingJenkins.TestClass2" name="chi" time="0.003"/>
  <testcase classname="TestingJenkins.TestClass2" name="no" time="0.004"/>
  <testcase classname="TestingJenkins.TestClass2" name="sa" time="0.006"/>
  <testcase classname="TestingJenkins.TestClass2" name="tu" time="0.003"/>
</testsuite> <!-- Test -->
