<?xml version="1.0" encoding="UTF-8"?>
<testng-results ignored="0" total="8" passed="8" failed="0" skipped="0">
  <reporter-output>
  </reporter-output>
  <suite started-at="2023-11-17T14:14:18 IST" name="Suite" finished-at="2023-11-17T14:14:18 IST" duration-ms="201">
    <groups>
    </groups>
    <test started-at="2023-11-17T14:14:18 IST" name="Test" finished-at="2023-11-17T14:14:18 IST" duration-ms="201">
      <class name="TestingJenkins.TestClass2">
        <test-method signature="chi()[pri:0, instance:TestingJenkins.TestClass2@5b239d7d]" started-at="2023-11-17T14:14:18 IST" name="chi" finished-at="2023-11-17T14:14:18 IST" duration-ms="3" status="PASS">
          <reporter-output>
          </reporter-output>
        </test-method> <!-- chi -->
        <test-method signature="no()[pri:0, instance:TestingJenkins.TestClass2@5b239d7d]" started-at="2023-11-17T14:14:18 IST" name="no" finished-at="2023-11-17T14:14:18 IST" duration-ms="4" status="PASS">
          <reporter-output>
          </reporter-output>
        </test-method> <!-- no -->
        <test-method signature="sa()[pri:0, instance:TestingJenkins.TestClass2@5b239d7d]" started-at="2023-11-17T14:14:18 IST" name="sa" finished-at="2023-11-17T14:14:18 IST" duration-ms="6" status="PASS">
          <reporter-output>
          </reporter-output>
        </test-method> <!-- sa -->
        <test-method signature="tu()[pri:0, instance:TestingJenkins.TestClass2@5b239d7d]" started-at="2023-11-17T14:14:18 IST" name="tu" finished-at="2023-11-17T14:14:18 IST" duration-ms="3" status="PASS">
          <reporter-output>
          </reporter-output>
        </test-method> <!-- tu -->
      </class> <!-- TestingJenkins.TestClass2 -->
      <class name="TestingJenkins.TestClass1">
        <test-method signature="ge()[pri:0, instance:TestingJenkins.TestClass1@4a94ee4]" started-at="2023-11-17T14:14:18 IST" name="ge" finished-at="2023-11-17T14:14:18 IST" duration-ms="26" status="PASS">
          <reporter-output>
          </reporter-output>
        </test-method> <!-- ge -->
        <test-method signature="jp()[pri:0, instance:TestingJenkins.TestClass1@4a94ee4]" started-at="2023-11-17T14:14:18 IST" name="jp" finished-at="2023-11-17T14:14:18 IST" duration-ms="4" status="PASS">
          <reporter-output>
          </reporter-output>
        </test-method> <!-- jp -->
        <test-method signature="po()[pri:0, instance:TestingJenkins.TestClass1@4a94ee4]" started-at="2023-11-17T14:14:18 IST" name="po" finished-at="2023-11-17T14:14:18 IST" duration-ms="4" status="PASS">
          <reporter-output>
          </reporter-output>
        </test-method> <!-- po -->
        <test-method signature="sl()[pri:0, instance:TestingJenkins.TestClass1@4a94ee4]" started-at="2023-11-17T14:14:18 IST" name="sl" finished-at="2023-11-17T14:14:18 IST" duration-ms="3" status="PASS">
          <reporter-output>
          </reporter-output>
        </test-method> <!-- sl -->
      </class> <!-- TestingJenkins.TestClass1 -->
    </test> <!-- Test -->
  </suite> <!-- Suite -->
</testng-results>
